<?xml version="1.0" encoding="UTF-8" ?>
<testsuite tests="9" failures="0" name="pl.kbtest.rule.induction.SetFactUtilsTest" time="0.005" errors="0" skipped="0">
  <properties>
[...]
</properties>
  <testcase classname="pl.kbtest.rule.induction.SetFactUtilsTest" name="should_match_subset_when_disjunction2" time="0"/>
  <testcase classname="pl.kbtest.rule.induction.SetFactUtilsTest" name="should_not_match_when_not_subset" time="0"/>
  <testcase classname="pl.kbtest.rule.induction.SetFactUtilsTest" name="should_match_equals_conjunction_and_disjunction_SetFacts" time="0.001"/>
  <testcase classname="pl.kbtest.rule.induction.SetFactUtilsTest" name="should_match_when_single_and_double_conjunction" time="0"/>
  <testcase classname="pl.kbtest.rule.induction.SetFactUtilsTest" name="should_match_subset_when_disjunction" time="0"/>
  <testcase classname="pl.kbtest.rule.induction.SetFactUtilsTest" name="should_not_match_when_double_conjunction_and_single" time="0.001"/>
  <testcase classname="pl.kbtest.rule.induction.SetFactUtilsTest" name="should_match_equals_disjunction_SetFacts" time="0"/>
  <testcase classname="pl.kbtest.rule.induction.SetFactUtilsTest" name="should_not_match_when_different_disjunctive_and_conjunctive" time="0"/>
  <testcase classname="pl.kbtest.rule.induction.SetFactUtilsTest" name="should_match_equals_conjunction_SetFacts" time="0.001"/>
</testsuite>