<?xml version="1.0" encoding="UTF-8" ?>
<testsuite tests="1" failures="1" name="pl.kbtest.rule.induction.SetRuleReaderTest" time="0.015" errors="0" skipped="0">
  <properties>
[...]
</properties>
  <testcase classname="pl.kbtest.rule.induction.SetRuleReaderTest" name="testReadRules" time="0.015">
    <failure message="expected:&lt;0&gt; but was:&lt;22&gt;" type="java.lang.AssertionError">java.lang.AssertionError: expected:&lt;0&gt; but was:&lt;22&gt;
	at org.junit.Assert.fail(Assert.java:88)
	at org.junit.Assert.failNotEquals(Assert.java:743)
	at org.junit.Assert.assertEquals(Assert.java:118)
	at org.junit.Assert.assertEquals(Assert.java:555)
	at org.junit.Assert.assertEquals(Assert.java:542)
	at pl.kbtest.rule.induction.SetRuleReaderTest.testReadRules(SetRuleReaderTest.java:138)
	at sun.reflect.NativeMethodAccessorImpl.invoke0(Native Method)
	at sun.reflect.NativeMethodAccessorImpl.invoke(NativeMethodAccessorImpl.java:62)
	at sun.reflect.DelegatingMethodAccessorImpl.invoke(DelegatingMethodAccessorImpl.java:43)
	at java.lang.reflect.Method.invoke(Method.java:497)
	at org.junit.runners.model.FrameworkMethod$1.runReflectiveCall(FrameworkMethod.java:47)
	at org.junit.internal.runners.model.ReflectiveCallable.run(ReflectiveCallable.java:12)
	at org.junit.runners.model.FrameworkMethod.invokeExplosively(FrameworkMethod.java:44)
	at org.junit.internal.runners.statements.InvokeMethod.evaluate(InvokeMethod.java:17)
	at org.junit.runners.ParentRunner.runLeaf(ParentRunner.java:271)
	at org.junit.runners.BlockJUnit4ClassRunner.runChild(BlockJUnit4ClassRunner.java:70)
	at org.junit.runners.BlockJUnit4ClassRunner.runChild(BlockJUnit4ClassRunner.java:50)
	at org.junit.runners.ParentRunner$3.run(ParentRunner.java:238)
	at org.junit.runners.ParentRunner$1.schedule(ParentRunner.java:63)
	at org.junit.runners.ParentRunner.runChildren(ParentRunner.java:236)
	at org.junit.runners.ParentRunner.access$000(ParentRunner.java:53)
	at org.junit.runners.ParentRunner$2.evaluate(ParentRunner.java:229)
	at org.junit.runners.ParentRunner.run(ParentRunner.java:309)
	at org.junit.runners.Suite.runChild(Suite.java:127)
	at org.junit.runners.Suite.runChild(Suite.java:26)
	at org.junit.runners.ParentRunner$3.run(ParentRunner.java:238)
	at org.junit.runners.ParentRunner$1.schedule(ParentRunner.java:63)
	at org.junit.runners.ParentRunner.runChildren(ParentRunner.java:236)
	at org.junit.runners.ParentRunner.access$000(ParentRunner.java:53)
	at org.junit.runners.ParentRunner$2.evaluate(ParentRunner.java:229)
	at org.junit.runners.ParentRunner.run(ParentRunner.java:309)
	at org.junit.runner.JUnitCore.run(JUnitCore.java:160)
	at org.junit.runner.JUnitCore.run(JUnitCore.java:138)
	at org.junit.runner.JUnitCore.run(JUnitCore.java:128)
	at org.apache.maven.surefire.junitcore.JUnitCoreWrapper.execute(JUnitCoreWrapper.java:51)
	at org.apache.maven.surefire.junitcore.JUnitCoreProvider.invoke(JUnitCoreProvider.java:110)
	at sun.reflect.NativeMethodAccessorImpl.invoke0(Native Method)
	at sun.reflect.NativeMethodAccessorImpl.invoke(NativeMethodAccessorImpl.java:62)
	at sun.reflect.DelegatingMethodAccessorImpl.invoke(DelegatingMethodAccessorImpl.java:43)
	at java.lang.reflect.Method.invoke(Method.java:497)
	at org.apache.maven.surefire.booter.ProviderFactory$ClassLoaderProxy.invoke(ProviderFactory.java:103)
	at com.sun.proxy.$Proxy0.invoke(Unknown Source)
	at org.apache.maven.surefire.booter.SurefireStarter.invokeProvider(SurefireStarter.java:150)
	at org.apache.maven.surefire.booter.SurefireStarter.runSuitesInProcess(SurefireStarter.java:91)
	at org.apache.maven.surefire.booter.ForkedBooter.main(ForkedBooter.java:69)
</failure>
    <system-out>Javers diff: 
Diff:
1. ObjectRemoved{globalId:&apos;org.javers.core.graph.LiveGraphFactory$ListWrapper/#list/2/premises/1&apos;}
2. ObjectRemoved{globalId:&apos;org.javers.core.graph.LiveGraphFactory$ListWrapper/#list/2/conclusions/0&apos;}
3. ObjectRemoved{globalId:&apos;org.javers.core.graph.LiveGraphFactory$ListWrapper/#list/2/grfIrf&apos;}
4. ObjectRemoved{globalId:&apos;org.javers.core.graph.LiveGraphFactory$ListWrapper/#list/0/premises/3&apos;}
5. ObjectRemoved{globalId:&apos;org.javers.core.graph.LiveGraphFactory$ListWrapper/#list/0/premises/1&apos;}
6. ObjectRemoved{globalId:&apos;org.javers.core.graph.LiveGraphFactory$ListWrapper/#list/2/premises/2&apos;}
7. ObjectRemoved{globalId:&apos;org.javers.core.graph.LiveGraphFactory$ListWrapper/#list/0/grfIrf&apos;}
8. ObjectRemoved{globalId:&apos;org.javers.core.graph.LiveGraphFactory$ListWrapper/#list/1/premises/3&apos;}
9. ObjectRemoved{globalId:&apos;org.javers.core.graph.LiveGraphFactory$ListWrapper/#list/0/conclusions/0&apos;}
10. ObjectRemoved{globalId:&apos;org.javers.core.graph.LiveGraphFactory$ListWrapper/#list/2&apos;}
11. ObjectRemoved{globalId:&apos;org.javers.core.graph.LiveGraphFactory$ListWrapper/#list/1/premises/2&apos;}
12. ObjectRemoved{globalId:&apos;org.javers.core.graph.LiveGraphFactory$ListWrapper/#list/1/premises/0&apos;}
13. ObjectRemoved{globalId:&apos;org.javers.core.graph.LiveGraphFactory$ListWrapper/#list/2/premises/0&apos;}
14. ObjectRemoved{globalId:&apos;org.javers.core.graph.LiveGraphFactory$ListWrapper/#list/0&apos;}
15. ObjectRemoved{globalId:&apos;org.javers.core.graph.LiveGraphFactory$ListWrapper/#list/0/premises/2&apos;}
16. ObjectRemoved{globalId:&apos;org.javers.core.graph.LiveGraphFactory$ListWrapper/#list/1&apos;}
17. ObjectRemoved{globalId:&apos;org.javers.core.graph.LiveGraphFactory$ListWrapper/#list/1/grfIrf&apos;}
18. ObjectRemoved{globalId:&apos;org.javers.core.graph.LiveGraphFactory$ListWrapper/#list/2/premises/3&apos;}
19. ObjectRemoved{globalId:&apos;org.javers.core.graph.LiveGraphFactory$ListWrapper/#list/1/premises/1&apos;}
20. ObjectRemoved{globalId:&apos;org.javers.core.graph.LiveGraphFactory$ListWrapper/#list/1/conclusions/0&apos;}
21. ObjectRemoved{globalId:&apos;org.javers.core.graph.LiveGraphFactory$ListWrapper/#list/0/premises/0&apos;}
22. ListChange{globalId:&apos;org.javers.core.graph.LiveGraphFactory$ListWrapper/&apos;, property:&apos;list&apos;, containerChanges:[(0).removed:&apos;org.javers.core.graph.LiveGraphFactory$ListWrapper/#list/0&apos;, (1).removed:&apos;org.javers.core.graph.LiveGraphFactory$ListWrapper/#list/1&apos;, (2).removed:&apos;org.javers.core.graph.LiveGraphFactory$ListWrapper/#list/2&apos;]}

</system-out>
    <system-err>java.lang.NumberFormatException: For input string: &quot;0.11&quot;
	at java.lang.NumberFormatException.forInputString(NumberFormatException.java:65)
	at java.lang.Integer.parseInt(Integer.java:580)
	at java.lang.Integer.parseInt(Integer.java:615)
	at pl.kbtest.rule.induction.SetRuleReader.readRules(SetRuleReader.java:102)
	at pl.kbtest.rule.induction.SetRuleReaderTest.testReadRules(SetRuleReaderTest.java:100)
	at sun.reflect.NativeMethodAccessorImpl.invoke0(Native Method)
	at sun.reflect.NativeMethodAccessorImpl.invoke(NativeMethodAccessorImpl.java:62)
	at sun.reflect.DelegatingMethodAccessorImpl.invoke(DelegatingMethodAccessorImpl.java:43)
	at java.lang.reflect.Method.invoke(Method.java:497)
	at org.junit.runners.model.FrameworkMethod$1.runReflectiveCall(FrameworkMethod.java:47)
	at org.junit.internal.runners.model.ReflectiveCallable.run(ReflectiveCallable.java:12)
	at org.junit.runners.model.FrameworkMethod.invokeExplosively(FrameworkMethod.java:44)
	at org.junit.internal.runners.statements.InvokeMethod.evaluate(InvokeMethod.java:17)
	at org.junit.runners.ParentRunner.runLeaf(ParentRunner.java:271)
	at org.junit.runners.BlockJUnit4ClassRunner.runChild(BlockJUnit4ClassRunner.java:70)
	at org.junit.runners.BlockJUnit4ClassRunner.runChild(BlockJUnit4ClassRunner.java:50)
	at org.junit.runners.ParentRunner$3.run(ParentRunner.java:238)
	at org.junit.runners.ParentRunner$1.schedule(ParentRunner.java:63)
	at org.junit.runners.ParentRunner.runChildren(ParentRunner.java:236)
	at org.junit.runners.ParentRunner.access$000(ParentRunner.java:53)
	at org.junit.runners.ParentRunner$2.evaluate(ParentRunner.java:229)
	at org.junit.runners.ParentRunner.run(ParentRunner.java:309)
	at org.junit.runners.Suite.runChild(Suite.java:127)
	at org.junit.runners.Suite.runChild(Suite.java:26)
	at org.junit.runners.ParentRunner$3.run(ParentRunner.java:238)
	at org.junit.runners.ParentRunner$1.schedule(ParentRunner.java:63)
	at org.junit.runners.ParentRunner.runChildren(ParentRunner.java:236)
	at org.junit.runners.ParentRunner.access$000(ParentRunner.java:53)
	at org.junit.runners.ParentRunner$2.evaluate(ParentRunner.java:229)
	at org.junit.runners.ParentRunner.run(ParentRunner.java:309)
	at org.junit.runner.JUnitCore.run(JUnitCore.java:160)
	at org.junit.runner.JUnitCore.run(JUnitCore.java:138)
	at org.junit.runner.JUnitCore.run(JUnitCore.java:128)
	at org.apache.maven.surefire.junitcore.JUnitCoreWrapper.execute(JUnitCoreWrapper.java:51)
	at org.apache.maven.surefire.junitcore.JUnitCoreProvider.invoke(JUnitCoreProvider.java:110)
	at sun.reflect.NativeMethodAccessorImpl.invoke0(Native Method)
	at sun.reflect.NativeMethodAccessorImpl.invoke(NativeMethodAccessorImpl.java:62)
	at sun.reflect.DelegatingMethodAccessorImpl.invoke(DelegatingMethodAccessorImpl.java:43)
	at java.lang.reflect.Method.invoke(Method.java:497)
	at org.apache.maven.surefire.booter.ProviderFactory$ClassLoaderProxy.invoke(ProviderFactory.java:103)
	at com.sun.proxy.$Proxy0.invoke(Unknown Source)
	at org.apache.maven.surefire.booter.SurefireStarter.invokeProvider(SurefireStarter.java:150)
	at org.apache.maven.surefire.booter.SurefireStarter.runSuitesInProcess(SurefireStarter.java:91)
	at org.apache.maven.surefire.booter.ForkedBooter.main(ForkedBooter.java:69)
[main] INFO org.javers.java8support.Java8AddOns - loading Java8 add-ons ...
[main] INFO org.javers.core.metamodel.scanner.ScannerModule - using FIELD mappingStyle
[main] INFO org.javers.core.JaversBuilder - using fake InMemoryRepository, register actual implementation via JaversBuilder.registerJaversRepository()
[main] INFO org.javers.core.JaversBuilder - JaVers instance is up &amp; ready
</system-err>
  </testcase>
</testsuite>